2025-12-28T12:04:16.269+05:30  INFO 10336 --- [TravelAgency] [main] i.k.t.TravelAgencyApplication            : Starting TravelAgencyApplication using Java 17.0.14 with PID 10336 (/Users/jalibkenz/Java_Projects/TravelAgency/target/classes started by jalibkenz in /Users/jalibkenz/Java_Projects/TravelAgency)
2025-12-28T12:04:16.270+05:30  INFO 10336 --- [TravelAgency] [main] i.k.t.TravelAgencyApplication            : No active profile set, falling back to 1 default profile: "default"
2025-12-28T12:04:16.613+05:30  INFO 10336 --- [TravelAgency] [main] .s.d.r.c.RepositoryConfigurationDelegate : Multiple Spring Data modules found, entering strict repository configuration mode
2025-12-28T12:04:16.613+05:30  INFO 10336 --- [TravelAgency] [main] .s.d.r.c.RepositoryConfigurationDelegate : Bootstrapping Spring Data JPA repositories in DEFAULT mode.
2025-12-28T12:04:16.671+05:30  INFO 10336 --- [TravelAgency] [main] .s.d.r.c.RepositoryConfigurationDelegate : Finished Spring Data repository scanning in 56 ms. Found 8 JPA repository interfaces.
2025-12-28T12:04:16.675+05:30  INFO 10336 --- [TravelAgency] [main] .s.d.r.c.RepositoryConfigurationDelegate : Multiple Spring Data modules found, entering strict repository configuration mode
2025-12-28T12:04:16.675+05:30  INFO 10336 --- [TravelAgency] [main] .s.d.r.c.RepositoryConfigurationDelegate : Bootstrapping Spring Data Redis repositories in DEFAULT mode.
2025-12-28T12:04:16.680+05:30  INFO 10336 --- [TravelAgency] [main] .RepositoryConfigurationExtensionSupport : Spring Data Redis - Could not safely identify store assignment for repository candidate interface in.kenz.travelagency.booking.repository.BookingRepository; If you want this repository to be a Redis repository, consider annotating your entities with one of these annotations: org.springframework.data.redis.core.RedisHash (preferred), or consider extending one of the following types with your repository: org.springframework.data.keyvalue.repository.KeyValueRepository
2025-12-28T12:04:16.680+05:30  INFO 10336 --- [TravelAgency] [main] .RepositoryConfigurationExtensionSupport : Spring Data Redis - Could not safely identify store assignment for repository candidate interface in.kenz.travelagency.feedback.repository.FeedBackRepository; If you want this repository to be a Redis repository, consider annotating your entities with one of these annotations: org.springframework.data.redis.core.RedisHash (preferred), or consider extending one of the following types with your repository: org.springframework.data.keyvalue.repository.KeyValueRepository
2025-12-28T12:04:16.681+05:30  INFO 10336 --- [TravelAgency] [main] .RepositoryConfigurationExtensionSupport : Spring Data Redis - Could not safely identify store assignment for repository candidate interface in.kenz.travelagency.location.repository.LocationRepository; If you want this repository to be a Redis repository, consider annotating your entities with one of these annotations: org.springframework.data.redis.core.RedisHash (preferred), or consider extending one of the following types with your repository: org.springframework.data.keyvalue.repository.KeyValueRepository
2025-12-28T12:04:16.681+05:30  INFO 10336 --- [TravelAgency] [main] .RepositoryConfigurationExtensionSupport : Spring Data Redis - Could not safely identify store assignment for repository candidate interface in.kenz.travelagency.payment.infrastructure.repository.CollectionRequestRepository; If you want this repository to be a Redis repository, consider annotating your entities with one of these annotations: org.springframework.data.redis.core.RedisHash (preferred), or consider extending one of the following types with your repository: org.springframework.data.keyvalue.repository.KeyValueRepository
2025-12-28T12:04:16.681+05:30  INFO 10336 --- [TravelAgency] [main] .RepositoryConfigurationExtensionSupport : Spring Data Redis - Could not safely identify store assignment for repository candidate interface in.kenz.travelagency.payment.infrastructure.repository.PaymentRepository; If you want this repository to be a Redis repository, consider annotating your entities with one of these annotations: org.springframework.data.redis.core.RedisHash (preferred), or consider extending one of the following types with your repository: org.springframework.data.keyvalue.repository.KeyValueRepository
2025-12-28T12:04:16.681+05:30  INFO 10336 --- [TravelAgency] [main] .RepositoryConfigurationExtensionSupport : Spring Data Redis - Could not safely identify store assignment for repository candidate interface in.kenz.travelagency.paymentpolicy.repository.PaymentPolicyRepository; If you want this repository to be a Redis repository, consider annotating your entities with one of these annotations: org.springframework.data.redis.core.RedisHash (preferred), or consider extending one of the following types with your repository: org.springframework.data.keyvalue.repository.KeyValueRepository
2025-12-28T12:04:16.681+05:30  INFO 10336 --- [TravelAgency] [main] .RepositoryConfigurationExtensionSupport : Spring Data Redis - Could not safely identify store assignment for repository candidate interface in.kenz.travelagency.tourpackage.repository.TourPackageRepository; If you want this repository to be a Redis repository, consider annotating your entities with one of these annotations: org.springframework.data.redis.core.RedisHash (preferred), or consider extending one of the following types with your repository: org.springframework.data.keyvalue.repository.KeyValueRepository
2025-12-28T12:04:16.681+05:30  INFO 10336 --- [TravelAgency] [main] .RepositoryConfigurationExtensionSupport : Spring Data Redis - Could not safely identify store assignment for repository candidate interface in.kenz.travelagency.user.repository.UserRepository; If you want this repository to be a Redis repository, consider annotating your entities with one of these annotations: org.springframework.data.redis.core.RedisHash (preferred), or consider extending one of the following types with your repository: org.springframework.data.keyvalue.repository.KeyValueRepository
2025-12-28T12:04:16.681+05:30  INFO 10336 --- [TravelAgency] [main] .s.d.r.c.RepositoryConfigurationDelegate : Finished Spring Data repository scanning in 4 ms. Found 0 Redis repository interfaces.
2025-12-28T12:04:16.927+05:30  INFO 10336 --- [TravelAgency] [main] o.s.b.w.embedded.tomcat.TomcatWebServer  : Tomcat initialized with port 8080 (http)
2025-12-28T12:04:16.932+05:30  INFO 10336 --- [TravelAgency] [main] o.apache.catalina.core.StandardService   : Starting service [Tomcat]
2025-12-28T12:04:16.932+05:30  INFO 10336 --- [TravelAgency] [main] o.apache.catalina.core.StandardEngine    : Starting Servlet engine: [Apache Tomcat/10.1.33]
2025-12-28T12:04:16.949+05:30  INFO 10336 --- [TravelAgency] [main] o.a.c.c.C.[Tomcat].[localhost].[/]       : Initializing Spring embedded WebApplicationContext
2025-12-28T12:04:16.949+05:30  INFO 10336 --- [TravelAgency] [main] w.s.c.ServletWebServerApplicationContext : Root WebApplicationContext: initialization completed in 663 ms
2025-12-28T12:04:17.091+05:30  INFO 10336 --- [TravelAgency] [main] o.hibernate.jpa.internal.util.LogHelper  : HHH000204: Processing PersistenceUnitInfo [name: default]
2025-12-28T12:04:17.103+05:30  INFO 10336 --- [TravelAgency] [main] org.hibernate.Version                    : HHH000412: Hibernate ORM core version 6.5.3.Final
2025-12-28T12:04:17.111+05:30  INFO 10336 --- [TravelAgency] [main] o.h.c.internal.RegionFactoryInitiator    : HHH000026: Second-level cache disabled
2025-12-28T12:04:17.203+05:30  INFO 10336 --- [TravelAgency] [main] o.s.o.j.p.SpringPersistenceUnitInfo      : No LoadTimeWeaver setup: ignoring JPA class transformer
2025-12-28T12:04:17.212+05:30  INFO 10336 --- [TravelAgency] [main] com.zaxxer.hikari.HikariDataSource       : HikariPool-1 - Starting...
2025-12-28T12:04:17.255+05:30  INFO 10336 --- [TravelAgency] [main] com.zaxxer.hikari.pool.HikariPool        : HikariPool-1 - Added connection com.mysql.cj.jdbc.ConnectionImpl@7efba9b9
2025-12-28T12:04:17.256+05:30  INFO 10336 --- [TravelAgency] [main] com.zaxxer.hikari.HikariDataSource       : HikariPool-1 - Start completed.
2025-12-28T12:04:17.272+05:30  WARN 10336 --- [TravelAgency] [main] org.hibernate.orm.deprecation            : HHH90000025: MySQLDialect does not need to be specified explicitly using 'hibernate.dialect' (remove the property setting and it will be selected by default)
2025-12-28T12:04:17.594+05:30  INFO 10336 --- [TravelAgency] [main] o.h.e.t.j.p.i.JtaPlatformInitiator       : HHH000489: No JTA platform available (set 'hibernate.transaction.jta.platform' to enable JTA platform integration)
2025-12-28T12:04:17.677+05:30  INFO 10336 --- [TravelAgency] [main] j.LocalContainerEntityManagerFactoryBean : Initialized JPA EntityManagerFactory for persistence unit 'default'
2025-12-28T12:04:17.851+05:30  INFO 10336 --- [TravelAgency] [main] o.s.d.j.r.query.QueryEnhancerFactory     : Hibernate is in classpath; If applicable, HQL parser will be used.
2025-12-28T12:04:18.015+05:30  INFO 10336 --- [TravelAgency] [main] r$InitializeUserDetailsManagerConfigurer : Global AuthenticationManager configured with UserDetailsService bean with name customUserDetailsServiceImpl
2025-12-28T12:04:18.176+05:30  INFO 10336 --- [TravelAgency] [main] o.s.b.a.e.web.EndpointLinksResolver      : Exposing 15 endpoints beneath base path '/actuator'
2025-12-28T12:04:18.397+05:30  INFO 10336 --- [TravelAgency] [main] o.s.b.w.embedded.tomcat.TomcatWebServer  : Tomcat started on port 8080 (http) with context path '/'
2025-12-28T12:04:18.404+05:30  INFO 10336 --- [TravelAgency] [main] i.k.t.TravelAgencyApplication            : Started TravelAgencyApplication in 2.266 seconds (process running for 2.382)
2025-12-28T12:05:52.307+05:30  INFO 10336 --- [TravelAgency] [http-nio-8080-exec-1] o.a.c.c.C.[Tomcat].[localhost].[/]       : Initializing Spring DispatcherServlet 'dispatcherServlet'
2025-12-28T12:05:52.307+05:30  INFO 10336 --- [TravelAgency] [http-nio-8080-exec-1] o.s.web.servlet.DispatcherServlet        : Initializing Servlet 'dispatcherServlet'
2025-12-28T12:05:52.309+05:30  INFO 10336 --- [TravelAgency] [http-nio-8080-exec-1] o.s.web.servlet.DispatcherServlet        : Completed initialization in 2 ms
2025-12-28T12:05:52.584+05:30  INFO 10336 --- [TravelAgency] [http-nio-8080-exec-7] o.springdoc.api.AbstractOpenApiResource  : Init duration for springdoc-openapi is: 154 ms
2025-12-28T12:16:12.224+05:30  INFO 10336 --- [TravelAgency] [SpringApplicationShutdownHook] j.LocalContainerEntityManagerFactoryBean : Closing JPA EntityManagerFactory for persistence unit 'default'
2025-12-28T12:16:12.226+05:30  INFO 10336 --- [TravelAgency] [SpringApplicationShutdownHook] com.zaxxer.hikari.HikariDataSource       : HikariPool-1 - Shutdown initiated...
2025-12-28T12:16:12.228+05:30  INFO 10336 --- [TravelAgency] [SpringApplicationShutdownHook] com.zaxxer.hikari.HikariDataSource       : HikariPool-1 - Shutdown completed.
2025-12-28T12:22:16.697+05:30  INFO 10666 --- [TravelAgency] [main] i.k.t.TravelAgencyApplication            : Starting TravelAgencyApplication using Java 17.0.14 with PID 10666 (/Users/jalibkenz/Java_Projects/TravelAgency/target/classes started by jalibkenz in /Users/jalibkenz/Java_Projects/TravelAgency)
2025-12-28T12:22:16.698+05:30  INFO 10666 --- [TravelAgency] [main] i.k.t.TravelAgencyApplication            : No active profile set, falling back to 1 default profile: "default"
2025-12-28T12:22:17.059+05:30  INFO 10666 --- [TravelAgency] [main] .s.d.r.c.RepositoryConfigurationDelegate : Multiple Spring Data modules found, entering strict repository configuration mode
2025-12-28T12:22:17.059+05:30  INFO 10666 --- [TravelAgency] [main] .s.d.r.c.RepositoryConfigurationDelegate : Bootstrapping Spring Data JPA repositories in DEFAULT mode.
2025-12-28T12:22:17.118+05:30  INFO 10666 --- [TravelAgency] [main] .s.d.r.c.RepositoryConfigurationDelegate : Finished Spring Data repository scanning in 57 ms. Found 8 JPA repository interfaces.
2025-12-28T12:22:17.122+05:30  INFO 10666 --- [TravelAgency] [main] .s.d.r.c.RepositoryConfigurationDelegate : Multiple Spring Data modules found, entering strict repository configuration mode
2025-12-28T12:22:17.123+05:30  INFO 10666 --- [TravelAgency] [main] .s.d.r.c.RepositoryConfigurationDelegate : Bootstrapping Spring Data Redis repositories in DEFAULT mode.
2025-12-28T12:22:17.128+05:30  INFO 10666 --- [TravelAgency] [main] .RepositoryConfigurationExtensionSupport : Spring Data Redis - Could not safely identify store assignment for repository candidate interface in.kenz.travelagency.booking.repository.BookingRepository; If you want this repository to be a Redis repository, consider annotating your entities with one of these annotations: org.springframework.data.redis.core.RedisHash (preferred), or consider extending one of the following types with your repository: org.springframework.data.keyvalue.repository.KeyValueRepository
2025-12-28T12:22:17.128+05:30  INFO 10666 --- [TravelAgency] [main] .RepositoryConfigurationExtensionSupport : Spring Data Redis - Could not safely identify store assignment for repository candidate interface in.kenz.travelagency.feedback.repository.FeedBackRepository; If you want this repository to be a Redis repository, consider annotating your entities with one of these annotations: org.springframework.data.redis.core.RedisHash (preferred), or consider extending one of the following types with your repository: org.springframework.data.keyvalue.repository.KeyValueRepository
2025-12-28T12:22:17.129+05:30  INFO 10666 --- [TravelAgency] [main] .RepositoryConfigurationExtensionSupport : Spring Data Redis - Could not safely identify store assignment for repository candidate interface in.kenz.travelagency.location.repository.LocationRepository; If you want this repository to be a Redis repository, consider annotating your entities with one of these annotations: org.springframework.data.redis.core.RedisHash (preferred), or consider extending one of the following types with your repository: org.springframework.data.keyvalue.repository.KeyValueRepository
2025-12-28T12:22:17.129+05:30  INFO 10666 --- [TravelAgency] [main] .RepositoryConfigurationExtensionSupport : Spring Data Redis - Could not safely identify store assignment for repository candidate interface in.kenz.travelagency.payment.infrastructure.repository.CollectionRequestRepository; If you want this repository to be a Redis repository, consider annotating your entities with one of these annotations: org.springframework.data.redis.core.RedisHash (preferred), or consider extending one of the following types with your repository: org.springframework.data.keyvalue.repository.KeyValueRepository
2025-12-28T12:22:17.129+05:30  INFO 10666 --- [TravelAgency] [main] .RepositoryConfigurationExtensionSupport : Spring Data Redis - Could not safely identify store assignment for repository candidate interface in.kenz.travelagency.payment.infrastructure.repository.PaymentRepository; If you want this repository to be a Redis repository, consider annotating your entities with one of these annotations: org.springframework.data.redis.core.RedisHash (preferred), or consider extending one of the following types with your repository: org.springframework.data.keyvalue.repository.KeyValueRepository
2025-12-28T12:22:17.129+05:30  INFO 10666 --- [TravelAgency] [main] .RepositoryConfigurationExtensionSupport : Spring Data Redis - Could not safely identify store assignment for repository candidate interface in.kenz.travelagency.paymentpolicy.repository.PaymentPolicyRepository; If you want this repository to be a Redis repository, consider annotating your entities with one of these annotations: org.springframework.data.redis.core.RedisHash (preferred), or consider extending one of the following types with your repository: org.springframework.data.keyvalue.repository.KeyValueRepository
2025-12-28T12:22:17.129+05:30  INFO 10666 --- [TravelAgency] [main] .RepositoryConfigurationExtensionSupport : Spring Data Redis - Could not safely identify store assignment for repository candidate interface in.kenz.travelagency.tourpackage.repository.TourPackageRepository; If you want this repository to be a Redis repository, consider annotating your entities with one of these annotations: org.springframework.data.redis.core.RedisHash (preferred), or consider extending one of the following types with your repository: org.springframework.data.keyvalue.repository.KeyValueRepository
2025-12-28T12:22:17.129+05:30  INFO 10666 --- [TravelAgency] [main] .RepositoryConfigurationExtensionSupport : Spring Data Redis - Could not safely identify store assignment for repository candidate interface in.kenz.travelagency.user.repository.UserRepository; If you want this repository to be a Redis repository, consider annotating your entities with one of these annotations: org.springframework.data.redis.core.RedisHash (preferred), or consider extending one of the following types with your repository: org.springframework.data.keyvalue.repository.KeyValueRepository
2025-12-28T12:22:17.129+05:30  INFO 10666 --- [TravelAgency] [main] .s.d.r.c.RepositoryConfigurationDelegate : Finished Spring Data repository scanning in 4 ms. Found 0 Redis repository interfaces.
2025-12-28T12:22:17.381+05:30  INFO 10666 --- [TravelAgency] [main] o.s.b.w.embedded.tomcat.TomcatWebServer  : Tomcat initialized with port 8080 (http)
2025-12-28T12:22:17.385+05:30  INFO 10666 --- [TravelAgency] [main] o.apache.catalina.core.StandardService   : Starting service [Tomcat]
2025-12-28T12:22:17.386+05:30  INFO 10666 --- [TravelAgency] [main] o.apache.catalina.core.StandardEngine    : Starting Servlet engine: [Apache Tomcat/10.1.33]
2025-12-28T12:22:17.404+05:30  INFO 10666 --- [TravelAgency] [main] o.a.c.c.C.[Tomcat].[localhost].[/]       : Initializing Spring embedded WebApplicationContext
2025-12-28T12:22:17.404+05:30  INFO 10666 --- [TravelAgency] [main] w.s.c.ServletWebServerApplicationContext : Root WebApplicationContext: initialization completed in 690 ms
2025-12-28T12:22:17.550+05:30  INFO 10666 --- [TravelAgency] [main] o.hibernate.jpa.internal.util.LogHelper  : HHH000204: Processing PersistenceUnitInfo [name: default]
2025-12-28T12:22:17.564+05:30  INFO 10666 --- [TravelAgency] [main] org.hibernate.Version                    : HHH000412: Hibernate ORM core version 6.5.3.Final
2025-12-28T12:22:17.572+05:30  INFO 10666 --- [TravelAgency] [main] o.h.c.internal.RegionFactoryInitiator    : HHH000026: Second-level cache disabled
2025-12-28T12:22:17.658+05:30  INFO 10666 --- [TravelAgency] [main] o.s.o.j.p.SpringPersistenceUnitInfo      : No LoadTimeWeaver setup: ignoring JPA class transformer
2025-12-28T12:22:17.667+05:30  INFO 10666 --- [TravelAgency] [main] com.zaxxer.hikari.HikariDataSource       : HikariPool-1 - Starting...
2025-12-28T12:22:17.713+05:30  INFO 10666 --- [TravelAgency] [main] com.zaxxer.hikari.pool.HikariPool        : HikariPool-1 - Added connection com.mysql.cj.jdbc.ConnectionImpl@1f641fb7
2025-12-28T12:22:17.713+05:30  INFO 10666 --- [TravelAgency] [main] com.zaxxer.hikari.HikariDataSource       : HikariPool-1 - Start completed.
2025-12-28T12:22:17.731+05:30  WARN 10666 --- [TravelAgency] [main] org.hibernate.orm.deprecation            : HHH90000025: MySQLDialect does not need to be specified explicitly using 'hibernate.dialect' (remove the property setting and it will be selected by default)
2025-12-28T12:22:18.055+05:30  INFO 10666 --- [TravelAgency] [main] o.h.e.t.j.p.i.JtaPlatformInitiator       : HHH000489: No JTA platform available (set 'hibernate.transaction.jta.platform' to enable JTA platform integration)
2025-12-28T12:22:18.149+05:30  INFO 10666 --- [TravelAgency] [main] j.LocalContainerEntityManagerFactoryBean : Initialized JPA EntityManagerFactory for persistence unit 'default'
2025-12-28T12:22:18.342+05:30  INFO 10666 --- [TravelAgency] [main] o.s.d.j.r.query.QueryEnhancerFactory     : Hibernate is in classpath; If applicable, HQL parser will be used.
2025-12-28T12:22:18.511+05:30  INFO 10666 --- [TravelAgency] [main] r$InitializeUserDetailsManagerConfigurer : Global AuthenticationManager configured with UserDetailsService bean with name customUserDetailsServiceImpl
2025-12-28T12:22:18.675+05:30  INFO 10666 --- [TravelAgency] [main] o.s.b.a.e.web.EndpointLinksResolver      : Exposing 15 endpoints beneath base path '/actuator'
2025-12-28T12:22:18.914+05:30  INFO 10666 --- [TravelAgency] [main] o.s.b.w.embedded.tomcat.TomcatWebServer  : Tomcat started on port 8080 (http) with context path '/'
2025-12-28T12:22:18.921+05:30  INFO 10666 --- [TravelAgency] [main] i.k.t.TravelAgencyApplication            : Started TravelAgencyApplication in 2.356 seconds (process running for 2.474)
2025-12-28T12:22:24.893+05:30  INFO 10666 --- [TravelAgency] [http-nio-8080-exec-1] o.a.c.c.C.[Tomcat].[localhost].[/]       : Initializing Spring DispatcherServlet 'dispatcherServlet'
2025-12-28T12:22:24.893+05:30  INFO 10666 --- [TravelAgency] [http-nio-8080-exec-1] o.s.web.servlet.DispatcherServlet        : Initializing Servlet 'dispatcherServlet'
2025-12-28T12:22:24.894+05:30  INFO 10666 --- [TravelAgency] [http-nio-8080-exec-1] o.s.web.servlet.DispatcherServlet        : Completed initialization in 1 ms
2025-12-28T12:22:25.193+05:30  INFO 10666 --- [TravelAgency] [http-nio-8080-exec-7] o.springdoc.api.AbstractOpenApiResource  : Init duration for springdoc-openapi is: 181 ms
2025-12-28T12:25:30.693+05:30  INFO 10666 --- [TravelAgency] [SpringApplicationShutdownHook] j.LocalContainerEntityManagerFactoryBean : Closing JPA EntityManagerFactory for persistence unit 'default'
2025-12-28T12:25:30.695+05:30  INFO 10666 --- [TravelAgency] [SpringApplicationShutdownHook] com.zaxxer.hikari.HikariDataSource       : HikariPool-1 - Shutdown initiated...
2025-12-28T12:25:30.698+05:30  INFO 10666 --- [TravelAgency] [SpringApplicationShutdownHook] com.zaxxer.hikari.HikariDataSource       : HikariPool-1 - Shutdown completed.
2025-12-28T12:25:31.603+05:30  INFO 10696 --- [TravelAgency] [main] i.k.t.TravelAgencyApplication            : Starting TravelAgencyApplication using Java 17.0.14 with PID 10696 (/Users/jalibkenz/Java_Projects/TravelAgency/target/classes started by jalibkenz in /Users/jalibkenz/Java_Projects/TravelAgency)
2025-12-28T12:25:31.604+05:30  INFO 10696 --- [TravelAgency] [main] i.k.t.TravelAgencyApplication            : No active profile set, falling back to 1 default profile: "default"
2025-12-28T12:25:31.965+05:30  INFO 10696 --- [TravelAgency] [main] .s.d.r.c.RepositoryConfigurationDelegate : Multiple Spring Data modules found, entering strict repository configuration mode
2025-12-28T12:25:31.965+05:30  INFO 10696 --- [TravelAgency] [main] .s.d.r.c.RepositoryConfigurationDelegate : Bootstrapping Spring Data JPA repositories in DEFAULT mode.
2025-12-28T12:25:32.026+05:30  INFO 10696 --- [TravelAgency] [main] .s.d.r.c.RepositoryConfigurationDelegate : Finished Spring Data repository scanning in 58 ms. Found 8 JPA repository interfaces.
2025-12-28T12:25:32.030+05:30  INFO 10696 --- [TravelAgency] [main] .s.d.r.c.RepositoryConfigurationDelegate : Multiple Spring Data modules found, entering strict repository configuration mode
2025-12-28T12:25:32.030+05:30  INFO 10696 --- [TravelAgency] [main] .s.d.r.c.RepositoryConfigurationDelegate : Bootstrapping Spring Data Redis repositories in DEFAULT mode.
2025-12-28T12:25:32.036+05:30  INFO 10696 --- [TravelAgency] [main] .RepositoryConfigurationExtensionSupport : Spring Data Redis - Could not safely identify store assignment for repository candidate interface in.kenz.travelagency.booking.repository.BookingRepository; If you want this repository to be a Redis repository, consider annotating your entities with one of these annotations: org.springframework.data.redis.core.RedisHash (preferred), or consider extending one of the following types with your repository: org.springframework.data.keyvalue.repository.KeyValueRepository
2025-12-28T12:25:32.036+05:30  INFO 10696 --- [TravelAgency] [main] .RepositoryConfigurationExtensionSupport : Spring Data Redis - Could not safely identify store assignment for repository candidate interface in.kenz.travelagency.feedback.repository.FeedBackRepository; If you want this repository to be a Redis repository, consider annotating your entities with one of these annotations: org.springframework.data.redis.core.RedisHash (preferred), or consider extending one of the following types with your repository: org.springframework.data.keyvalue.repository.KeyValueRepository
2025-12-28T12:25:32.036+05:30  INFO 10696 --- [TravelAgency] [main] .RepositoryConfigurationExtensionSupport : Spring Data Redis - Could not safely identify store assignment for repository candidate interface in.kenz.travelagency.location.repository.LocationRepository; If you want this repository to be a Redis repository, consider annotating your entities with one of these annotations: org.springframework.data.redis.core.RedisHash (preferred), or consider extending one of the following types with your repository: org.springframework.data.keyvalue.repository.KeyValueRepository
2025-12-28T12:25:32.036+05:30  INFO 10696 --- [TravelAgency] [main] .RepositoryConfigurationExtensionSupport : Spring Data Redis - Could not safely identify store assignment for repository candidate interface in.kenz.travelagency.payment.infrastructure.repository.CollectionRequestRepository; If you want this repository to be a Redis repository, consider annotating your entities with one of these annotations: org.springframework.data.redis.core.RedisHash (preferred), or consider extending one of the following types with your repository: org.springframework.data.keyvalue.repository.KeyValueRepository
2025-12-28T12:25:32.036+05:30  INFO 10696 --- [TravelAgency] [main] .RepositoryConfigurationExtensionSupport : Spring Data Redis - Could not safely identify store assignment for repository candidate interface in.kenz.travelagency.payment.infrastructure.repository.PaymentRepository; If you want this repository to be a Redis repository, consider annotating your entities with one of these annotations: org.springframework.data.redis.core.RedisHash (preferred), or consider extending one of the following types with your repository: org.springframework.data.keyvalue.repository.KeyValueRepository
2025-12-28T12:25:32.036+05:30  INFO 10696 --- [TravelAgency] [main] .RepositoryConfigurationExtensionSupport : Spring Data Redis - Could not safely identify store assignment for repository candidate interface in.kenz.travelagency.paymentpolicy.repository.PaymentPolicyRepository; If you want this repository to be a Redis repository, consider annotating your entities with one of these annotations: org.springframework.data.redis.core.RedisHash (preferred), or consider extending one of the following types with your repository: org.springframework.data.keyvalue.repository.KeyValueRepository
2025-12-28T12:25:32.036+05:30  INFO 10696 --- [TravelAgency] [main] .RepositoryConfigurationExtensionSupport : Spring Data Redis - Could not safely identify store assignment for repository candidate interface in.kenz.travelagency.tourpackage.repository.TourPackageRepository; If you want this repository to be a Redis repository, consider annotating your entities with one of these annotations: org.springframework.data.redis.core.RedisHash (preferred), or consider extending one of the following types with your repository: org.springframework.data.keyvalue.repository.KeyValueRepository
2025-12-28T12:25:32.037+05:30  INFO 10696 --- [TravelAgency] [main] .RepositoryConfigurationExtensionSupport : Spring Data Redis - Could not safely identify store assignment for repository candidate interface in.kenz.travelagency.user.repository.UserRepository; If you want this repository to be a Redis repository, consider annotating your entities with one of these annotations: org.springframework.data.redis.core.RedisHash (preferred), or consider extending one of the following types with your repository: org.springframework.data.keyvalue.repository.KeyValueRepository
2025-12-28T12:25:32.037+05:30  INFO 10696 --- [TravelAgency] [main] .s.d.r.c.RepositoryConfigurationDelegate : Finished Spring Data repository scanning in 4 ms. Found 0 Redis repository interfaces.
2025-12-28T12:25:32.278+05:30  INFO 10696 --- [TravelAgency] [main] o.s.b.w.embedded.tomcat.TomcatWebServer  : Tomcat initialized with port 8080 (http)
2025-12-28T12:25:32.283+05:30  INFO 10696 --- [TravelAgency] [main] o.apache.catalina.core.StandardService   : Starting service [Tomcat]
2025-12-28T12:25:32.283+05:30  INFO 10696 --- [TravelAgency] [main] o.apache.catalina.core.StandardEngine    : Starting Servlet engine: [Apache Tomcat/10.1.33]
2025-12-28T12:25:32.301+05:30  INFO 10696 --- [TravelAgency] [main] o.a.c.c.C.[Tomcat].[localhost].[/]       : Initializing Spring embedded WebApplicationContext
2025-12-28T12:25:32.302+05:30  INFO 10696 --- [TravelAgency] [main] w.s.c.ServletWebServerApplicationContext : Root WebApplicationContext: initialization completed in 682 ms
2025-12-28T12:25:32.451+05:30  INFO 10696 --- [TravelAgency] [main] o.hibernate.jpa.internal.util.LogHelper  : HHH000204: Processing PersistenceUnitInfo [name: default]
2025-12-28T12:25:32.464+05:30  INFO 10696 --- [TravelAgency] [main] org.hibernate.Version                    : HHH000412: Hibernate ORM core version 6.5.3.Final
2025-12-28T12:25:32.471+05:30  INFO 10696 --- [TravelAgency] [main] o.h.c.internal.RegionFactoryInitiator    : HHH000026: Second-level cache disabled
2025-12-28T12:25:32.556+05:30  INFO 10696 --- [TravelAgency] [main] o.s.o.j.p.SpringPersistenceUnitInfo      : No LoadTimeWeaver setup: ignoring JPA class transformer
2025-12-28T12:25:32.564+05:30  INFO 10696 --- [TravelAgency] [main] com.zaxxer.hikari.HikariDataSource       : HikariPool-1 - Starting...
2025-12-28T12:25:32.610+05:30  INFO 10696 --- [TravelAgency] [main] com.zaxxer.hikari.pool.HikariPool        : HikariPool-1 - Added connection com.mysql.cj.jdbc.ConnectionImpl@1add90e0
2025-12-28T12:25:32.611+05:30  INFO 10696 --- [TravelAgency] [main] com.zaxxer.hikari.HikariDataSource       : HikariPool-1 - Start completed.
2025-12-28T12:25:32.628+05:30  WARN 10696 --- [TravelAgency] [main] org.hibernate.orm.deprecation            : HHH90000025: MySQLDialect does not need to be specified explicitly using 'hibernate.dialect' (remove the property setting and it will be selected by default)
2025-12-28T12:25:32.947+05:30  INFO 10696 --- [TravelAgency] [main] o.h.e.t.j.p.i.JtaPlatformInitiator       : HHH000489: No JTA platform available (set 'hibernate.transaction.jta.platform' to enable JTA platform integration)
2025-12-28T12:25:33.080+05:30  INFO 10696 --- [TravelAgency] [main] j.LocalContainerEntityManagerFactoryBean : Initialized JPA EntityManagerFactory for persistence unit 'default'
2025-12-28T12:25:33.274+05:30  INFO 10696 --- [TravelAgency] [main] o.s.d.j.r.query.QueryEnhancerFactory     : Hibernate is in classpath; If applicable, HQL parser will be used.
2025-12-28T12:25:33.428+05:30  INFO 10696 --- [TravelAgency] [main] r$InitializeUserDetailsManagerConfigurer : Global AuthenticationManager configured with UserDetailsService bean with name customUserDetailsServiceImpl
2025-12-28T12:25:33.584+05:30  INFO 10696 --- [TravelAgency] [main] o.s.b.a.e.web.EndpointLinksResolver      : Exposing 15 endpoints beneath base path '/actuator'
2025-12-28T12:25:33.811+05:30  INFO 10696 --- [TravelAgency] [main] o.s.b.w.embedded.tomcat.TomcatWebServer  : Tomcat started on port 8080 (http) with context path '/'
2025-12-28T12:25:33.818+05:30  INFO 10696 --- [TravelAgency] [main] i.k.t.TravelAgencyApplication            : Started TravelAgencyApplication in 2.34 seconds (process running for 2.453)
2025-12-28T12:26:01.628+05:30  INFO 10696 --- [TravelAgency] [http-nio-8080-exec-1] o.a.c.c.C.[Tomcat].[localhost].[/]       : Initializing Spring DispatcherServlet 'dispatcherServlet'
2025-12-28T12:26:01.628+05:30  INFO 10696 --- [TravelAgency] [http-nio-8080-exec-1] o.s.web.servlet.DispatcherServlet        : Initializing Servlet 'dispatcherServlet'
2025-12-28T12:26:01.630+05:30  INFO 10696 --- [TravelAgency] [http-nio-8080-exec-1] o.s.web.servlet.DispatcherServlet        : Completed initialization in 2 ms
2025-12-28T12:28:25.612+05:30  INFO 10696 --- [TravelAgency] [SpringApplicationShutdownHook] j.LocalContainerEntityManagerFactoryBean : Closing JPA EntityManagerFactory for persistence unit 'default'
2025-12-28T12:28:25.613+05:30  INFO 10696 --- [TravelAgency] [SpringApplicationShutdownHook] com.zaxxer.hikari.HikariDataSource       : HikariPool-1 - Shutdown initiated...
2025-12-28T12:28:25.615+05:30  INFO 10696 --- [TravelAgency] [SpringApplicationShutdownHook] com.zaxxer.hikari.HikariDataSource       : HikariPool-1 - Shutdown completed.
2025-12-28T12:28:35.508+05:30  INFO 10728 --- [TravelAgency] [main] i.k.t.TravelAgencyApplication            : Starting TravelAgencyApplication using Java 17.0.14 with PID 10728 (/Users/jalibkenz/Java_Projects/TravelAgency/target/classes started by jalibkenz in /Users/jalibkenz/Java_Projects/TravelAgency)
2025-12-28T12:28:35.509+05:30  INFO 10728 --- [TravelAgency] [main] i.k.t.TravelAgencyApplication            : No active profile set, falling back to 1 default profile: "default"
2025-12-28T12:28:35.887+05:30  INFO 10728 --- [TravelAgency] [main] .s.d.r.c.RepositoryConfigurationDelegate : Multiple Spring Data modules found, entering strict repository configuration mode
2025-12-28T12:28:35.887+05:30  INFO 10728 --- [TravelAgency] [main] .s.d.r.c.RepositoryConfigurationDelegate : Bootstrapping Spring Data JPA repositories in DEFAULT mode.
2025-12-28T12:28:35.941+05:30  INFO 10728 --- [TravelAgency] [main] .s.d.r.c.RepositoryConfigurationDelegate : Finished Spring Data repository scanning in 51 ms. Found 8 JPA repository interfaces.
2025-12-28T12:28:35.944+05:30  INFO 10728 --- [TravelAgency] [main] .s.d.r.c.RepositoryConfigurationDelegate : Multiple Spring Data modules found, entering strict repository configuration mode
2025-12-28T12:28:35.945+05:30  INFO 10728 --- [TravelAgency] [main] .s.d.r.c.RepositoryConfigurationDelegate : Bootstrapping Spring Data Redis repositories in DEFAULT mode.
2025-12-28T12:28:35.950+05:30  INFO 10728 --- [TravelAgency] [main] .RepositoryConfigurationExtensionSupport : Spring Data Redis - Could not safely identify store assignment for repository candidate interface in.kenz.travelagency.booking.repository.BookingRepository; If you want this repository to be a Redis repository, consider annotating your entities with one of these annotations: org.springframework.data.redis.core.RedisHash (preferred), or consider extending one of the following types with your repository: org.springframework.data.keyvalue.repository.KeyValueRepository
2025-12-28T12:28:35.950+05:30  INFO 10728 --- [TravelAgency] [main] .RepositoryConfigurationExtensionSupport : Spring Data Redis - Could not safely identify store assignment for repository candidate interface in.kenz.travelagency.feedback.repository.FeedBackRepository; If you want this repository to be a Redis repository, consider annotating your entities with one of these annotations: org.springframework.data.redis.core.RedisHash (preferred), or consider extending one of the following types with your repository: org.springframework.data.keyvalue.repository.KeyValueRepository
2025-12-28T12:28:35.951+05:30  INFO 10728 --- [TravelAgency] [main] .RepositoryConfigurationExtensionSupport : Spring Data Redis - Could not safely identify store assignment for repository candidate interface in.kenz.travelagency.location.repository.LocationRepository; If you want this repository to be a Redis repository, consider annotating your entities with one of these annotations: org.springframework.data.redis.core.RedisHash (preferred), or consider extending one of the following types with your repository: org.springframework.data.keyvalue.repository.KeyValueRepository
2025-12-28T12:28:35.951+05:30  INFO 10728 --- [TravelAgency] [main] .RepositoryConfigurationExtensionSupport : Spring Data Redis - Could not safely identify store assignment for repository candidate interface in.kenz.travelagency.payment.infrastructure.repository.CollectionRequestRepository; If you want this repository to be a Redis repository, consider annotating your entities with one of these annotations: org.springframework.data.redis.core.RedisHash (preferred), or consider extending one of the following types with your repository: org.springframework.data.keyvalue.repository.KeyValueRepository
2025-12-28T12:28:35.955+05:30  INFO 10728 --- [TravelAgency] [main] .RepositoryConfigurationExtensionSupport : Spring Data Redis - Could not safely identify store assignment for repository candidate interface in.kenz.travelagency.payment.infrastructure.repository.PaymentRepository; If you want this repository to be a Redis repository, consider annotating your entities with one of these annotations: org.springframework.data.redis.core.RedisHash (preferred), or consider extending one of the following types with your repository: org.springframework.data.keyvalue.repository.KeyValueRepository
2025-12-28T12:28:35.955+05:30  INFO 10728 --- [TravelAgency] [main] .RepositoryConfigurationExtensionSupport : Spring Data Redis - Could not safely identify store assignment for repository candidate interface in.kenz.travelagency.paymentpolicy.repository.PaymentPolicyRepository; If you want this repository to be a Redis repository, consider annotating your entities with one of these annotations: org.springframework.data.redis.core.RedisHash (preferred), or consider extending one of the following types with your repository: org.springframework.data.keyvalue.repository.KeyValueRepository
2025-12-28T12:28:35.955+05:30  INFO 10728 --- [TravelAgency] [main] .RepositoryConfigurationExtensionSupport : Spring Data Redis - Could not safely identify store assignment for repository candidate interface in.kenz.travelagency.tourpackage.repository.TourPackageRepository; If you want this repository to be a Redis repository, consider annotating your entities with one of these annotations: org.springframework.data.redis.core.RedisHash (preferred), or consider extending one of the following types with your repository: org.springframework.data.keyvalue.repository.KeyValueRepository
2025-12-28T12:28:35.956+05:30  INFO 10728 --- [TravelAgency] [main] .RepositoryConfigurationExtensionSupport : Spring Data Redis - Could not safely identify store assignment for repository candidate interface in.kenz.travelagency.user.repository.UserRepository; If you want this repository to be a Redis repository, consider annotating your entities with one of these annotations: org.springframework.data.redis.core.RedisHash (preferred), or consider extending one of the following types with your repository: org.springframework.data.keyvalue.repository.KeyValueRepository
2025-12-28T12:28:35.956+05:30  INFO 10728 --- [TravelAgency] [main] .s.d.r.c.RepositoryConfigurationDelegate : Finished Spring Data repository scanning in 9 ms. Found 0 Redis repository interfaces.
2025-12-28T12:28:36.201+05:30  INFO 10728 --- [TravelAgency] [main] o.s.b.w.embedded.tomcat.TomcatWebServer  : Tomcat initialized with port 8080 (http)
2025-12-28T12:28:36.205+05:30  INFO 10728 --- [TravelAgency] [main] o.apache.catalina.core.StandardService   : Starting service [Tomcat]
2025-12-28T12:28:36.205+05:30  INFO 10728 --- [TravelAgency] [main] o.apache.catalina.core.StandardEngine    : Starting Servlet engine: [Apache Tomcat/10.1.33]
2025-12-28T12:28:36.223+05:30  INFO 10728 --- [TravelAgency] [main] o.a.c.c.C.[Tomcat].[localhost].[/]       : Initializing Spring embedded WebApplicationContext
2025-12-28T12:28:36.223+05:30  INFO 10728 --- [TravelAgency] [main] w.s.c.ServletWebServerApplicationContext : Root WebApplicationContext: initialization completed in 700 ms
2025-12-28T12:28:36.365+05:30  INFO 10728 --- [TravelAgency] [main] o.hibernate.jpa.internal.util.LogHelper  : HHH000204: Processing PersistenceUnitInfo [name: default]
2025-12-28T12:28:36.377+05:30  INFO 10728 --- [TravelAgency] [main] org.hibernate.Version                    : HHH000412: Hibernate ORM core version 6.5.3.Final
2025-12-28T12:28:36.384+05:30  INFO 10728 --- [TravelAgency] [main] o.h.c.internal.RegionFactoryInitiator    : HHH000026: Second-level cache disabled
2025-12-28T12:28:36.465+05:30  INFO 10728 --- [TravelAgency] [main] o.s.o.j.p.SpringPersistenceUnitInfo      : No LoadTimeWeaver setup: ignoring JPA class transformer
2025-12-28T12:28:36.475+05:30  INFO 10728 --- [TravelAgency] [main] com.zaxxer.hikari.HikariDataSource       : HikariPool-1 - Starting...
2025-12-28T12:28:36.519+05:30  INFO 10728 --- [TravelAgency] [main] com.zaxxer.hikari.pool.HikariPool        : HikariPool-1 - Added connection com.mysql.cj.jdbc.ConnectionImpl@ea45a5b
2025-12-28T12:28:36.519+05:30  INFO 10728 --- [TravelAgency] [main] com.zaxxer.hikari.HikariDataSource       : HikariPool-1 - Start completed.
2025-12-28T12:28:36.539+05:30  WARN 10728 --- [TravelAgency] [main] org.hibernate.orm.deprecation            : HHH90000025: MySQLDialect does not need to be specified explicitly using 'hibernate.dialect' (remove the property setting and it will be selected by default)
2025-12-28T12:28:36.860+05:30  INFO 10728 --- [TravelAgency] [main] o.h.e.t.j.p.i.JtaPlatformInitiator       : HHH000489: No JTA platform available (set 'hibernate.transaction.jta.platform' to enable JTA platform integration)
2025-12-28T12:28:36.953+05:30  INFO 10728 --- [TravelAgency] [main] j.LocalContainerEntityManagerFactoryBean : Initialized JPA EntityManagerFactory for persistence unit 'default'
2025-12-28T12:28:37.135+05:30  INFO 10728 --- [TravelAgency] [main] o.s.d.j.r.query.QueryEnhancerFactory     : Hibernate is in classpath; If applicable, HQL parser will be used.
2025-12-28T12:28:37.294+05:30  INFO 10728 --- [TravelAgency] [main] r$InitializeUserDetailsManagerConfigurer : Global AuthenticationManager configured with UserDetailsService bean with name customUserDetailsServiceImpl
2025-12-28T12:28:37.447+05:30  INFO 10728 --- [TravelAgency] [main] o.s.b.a.e.web.EndpointLinksResolver      : Exposing 15 endpoints beneath base path '/actuator'
2025-12-28T12:28:37.671+05:30  INFO 10728 --- [TravelAgency] [main] o.s.b.w.embedded.tomcat.TomcatWebServer  : Tomcat started on port 8080 (http) with context path '/'
2025-12-28T12:28:37.678+05:30  INFO 10728 --- [TravelAgency] [main] i.k.t.TravelAgencyApplication            : Started TravelAgencyApplication in 2.293 seconds (process running for 2.407)
2025-12-28T12:28:54.623+05:30  INFO 10728 --- [TravelAgency] [http-nio-8080-exec-1] o.a.c.c.C.[Tomcat].[localhost].[/]       : Initializing Spring DispatcherServlet 'dispatcherServlet'
2025-12-28T12:28:54.623+05:30  INFO 10728 --- [TravelAgency] [http-nio-8080-exec-1] o.s.web.servlet.DispatcherServlet        : Initializing Servlet 'dispatcherServlet'
2025-12-28T12:28:54.625+05:30  INFO 10728 --- [TravelAgency] [http-nio-8080-exec-1] o.s.web.servlet.DispatcherServlet        : Completed initialization in 2 ms
2025-12-28T12:28:54.956+05:30  INFO 10728 --- [TravelAgency] [http-nio-8080-exec-7] o.springdoc.api.AbstractOpenApiResource  : Init duration for springdoc-openapi is: 172 ms
2025-12-28T12:31:44.845+05:30  INFO 10728 --- [TravelAgency] [SpringApplicationShutdownHook] j.LocalContainerEntityManagerFactoryBean : Closing JPA EntityManagerFactory for persistence unit 'default'
2025-12-28T12:31:44.846+05:30  INFO 10728 --- [TravelAgency] [SpringApplicationShutdownHook] com.zaxxer.hikari.HikariDataSource       : HikariPool-1 - Shutdown initiated...
2025-12-28T12:31:44.849+05:30  INFO 10728 --- [TravelAgency] [SpringApplicationShutdownHook] com.zaxxer.hikari.HikariDataSource       : HikariPool-1 - Shutdown completed.
2025-12-28T12:31:46.232+05:30  INFO 10763 --- [TravelAgency] [main] i.k.t.TravelAgencyApplication            : Starting TravelAgencyApplication using Java 17.0.14 with PID 10763 (/Users/jalibkenz/Java_Projects/TravelAgency/target/classes started by jalibkenz in /Users/jalibkenz/Java_Projects/TravelAgency)
2025-12-28T12:31:46.232+05:30  INFO 10763 --- [TravelAgency] [main] i.k.t.TravelAgencyApplication            : No active profile set, falling back to 1 default profile: "default"
2025-12-28T12:31:46.579+05:30  INFO 10763 --- [TravelAgency] [main] .s.d.r.c.RepositoryConfigurationDelegate : Multiple Spring Data modules found, entering strict repository configuration mode
2025-12-28T12:31:46.580+05:30  INFO 10763 --- [TravelAgency] [main] .s.d.r.c.RepositoryConfigurationDelegate : Bootstrapping Spring Data JPA repositories in DEFAULT mode.
2025-12-28T12:31:46.640+05:30  INFO 10763 --- [TravelAgency] [main] .s.d.r.c.RepositoryConfigurationDelegate : Finished Spring Data repository scanning in 58 ms. Found 8 JPA repository interfaces.
2025-12-28T12:31:46.644+05:30  INFO 10763 --- [TravelAgency] [main] .s.d.r.c.RepositoryConfigurationDelegate : Multiple Spring Data modules found, entering strict repository configuration mode
2025-12-28T12:31:46.644+05:30  INFO 10763 --- [TravelAgency] [main] .s.d.r.c.RepositoryConfigurationDelegate : Bootstrapping Spring Data Redis repositories in DEFAULT mode.
2025-12-28T12:31:46.650+05:30  INFO 10763 --- [TravelAgency] [main] .RepositoryConfigurationExtensionSupport : Spring Data Redis - Could not safely identify store assignment for repository candidate interface in.kenz.travelagency.booking.repository.BookingRepository; If you want this repository to be a Redis repository, consider annotating your entities with one of these annotations: org.springframework.data.redis.core.RedisHash (preferred), or consider extending one of the following types with your repository: org.springframework.data.keyvalue.repository.KeyValueRepository
2025-12-28T12:31:46.650+05:30  INFO 10763 --- [TravelAgency] [main] .RepositoryConfigurationExtensionSupport : Spring Data Redis - Could not safely identify store assignment for repository candidate interface in.kenz.travelagency.feedback.repository.FeedBackRepository; If you want this repository to be a Redis repository, consider annotating your entities with one of these annotations: org.springframework.data.redis.core.RedisHash (preferred), or consider extending one of the following types with your repository: org.springframework.data.keyvalue.repository.KeyValueRepository
2025-12-28T12:31:46.650+05:30  INFO 10763 --- [TravelAgency] [main] .RepositoryConfigurationExtensionSupport : Spring Data Redis - Could not safely identify store assignment for repository candidate interface in.kenz.travelagency.location.repository.LocationRepository; If you want this repository to be a Redis repository, consider annotating your entities with one of these annotations: org.springframework.data.redis.core.RedisHash (preferred), or consider extending one of the following types with your repository: org.springframework.data.keyvalue.repository.KeyValueRepository
2025-12-28T12:31:46.650+05:30  INFO 10763 --- [TravelAgency] [main] .RepositoryConfigurationExtensionSupport : Spring Data Redis - Could not safely identify store assignment for repository candidate interface in.kenz.travelagency.payment.infrastructure.repository.CollectionRequestRepository; If you want this repository to be a Redis repository, consider annotating your entities with one of these annotations: org.springframework.data.redis.core.RedisHash (preferred), or consider extending one of the following types with your repository: org.springframework.data.keyvalue.repository.KeyValueRepository
2025-12-28T12:31:46.650+05:30  INFO 10763 --- [TravelAgency] [main] .RepositoryConfigurationExtensionSupport : Spring Data Redis - Could not safely identify store assignment for repository candidate interface in.kenz.travelagency.payment.infrastructure.repository.PaymentRepository; If you want this repository to be a Redis repository, consider annotating your entities with one of these annotations: org.springframework.data.redis.core.RedisHash (preferred), or consider extending one of the following types with your repository: org.springframework.data.keyvalue.repository.KeyValueRepository
2025-12-28T12:31:46.650+05:30  INFO 10763 --- [TravelAgency] [main] .RepositoryConfigurationExtensionSupport : Spring Data Redis - Could not safely identify store assignment for repository candidate interface in.kenz.travelagency.paymentpolicy.repository.PaymentPolicyRepository; If you want this repository to be a Redis repository, consider annotating your entities with one of these annotations: org.springframework.data.redis.core.RedisHash (preferred), or consider extending one of the following types with your repository: org.springframework.data.keyvalue.repository.KeyValueRepository
2025-12-28T12:31:46.651+05:30  INFO 10763 --- [TravelAgency] [main] .RepositoryConfigurationExtensionSupport : Spring Data Redis - Could not safely identify store assignment for repository candidate interface in.kenz.travelagency.tourpackage.repository.TourPackageRepository; If you want this repository to be a Redis repository, consider annotating your entities with one of these annotations: org.springframework.data.redis.core.RedisHash (preferred), or consider extending one of the following types with your repository: org.springframework.data.keyvalue.repository.KeyValueRepository
2025-12-28T12:31:46.651+05:30  INFO 10763 --- [TravelAgency] [main] .RepositoryConfigurationExtensionSupport : Spring Data Redis - Could not safely identify store assignment for repository candidate interface in.kenz.travelagency.user.repository.UserRepository; If you want this repository to be a Redis repository, consider annotating your entities with one of these annotations: org.springframework.data.redis.core.RedisHash (preferred), or consider extending one of the following types with your repository: org.springframework.data.keyvalue.repository.KeyValueRepository
2025-12-28T12:31:46.651+05:30  INFO 10763 --- [TravelAgency] [main] .s.d.r.c.RepositoryConfigurationDelegate : Finished Spring Data repository scanning in 4 ms. Found 0 Redis repository interfaces.
2025-12-28T12:31:46.917+05:30  INFO 10763 --- [TravelAgency] [main] o.s.b.w.embedded.tomcat.TomcatWebServer  : Tomcat initialized with port 8080 (http)
2025-12-28T12:31:46.921+05:30  INFO 10763 --- [TravelAgency] [main] o.apache.catalina.core.StandardService   : Starting service [Tomcat]
2025-12-28T12:31:46.922+05:30  INFO 10763 --- [TravelAgency] [main] o.apache.catalina.core.StandardEngine    : Starting Servlet engine: [Apache Tomcat/10.1.33]
2025-12-28T12:31:46.939+05:30  INFO 10763 --- [TravelAgency] [main] o.a.c.c.C.[Tomcat].[localhost].[/]       : Initializing Spring embedded WebApplicationContext
2025-12-28T12:31:46.940+05:30  INFO 10763 --- [TravelAgency] [main] w.s.c.ServletWebServerApplicationContext : Root WebApplicationContext: initialization completed in 692 ms
2025-12-28T12:31:47.091+05:30  INFO 10763 --- [TravelAgency] [main] o.hibernate.jpa.internal.util.LogHelper  : HHH000204: Processing PersistenceUnitInfo [name: default]
2025-12-28T12:31:47.105+05:30  INFO 10763 --- [TravelAgency] [main] org.hibernate.Version                    : HHH000412: Hibernate ORM core version 6.5.3.Final
2025-12-28T12:31:47.114+05:30  INFO 10763 --- [TravelAgency] [main] o.h.c.internal.RegionFactoryInitiator    : HHH000026: Second-level cache disabled
2025-12-28T12:31:47.201+05:30  INFO 10763 --- [TravelAgency] [main] o.s.o.j.p.SpringPersistenceUnitInfo      : No LoadTimeWeaver setup: ignoring JPA class transformer
2025-12-28T12:31:47.209+05:30  INFO 10763 --- [TravelAgency] [main] com.zaxxer.hikari.HikariDataSource       : HikariPool-1 - Starting...
2025-12-28T12:31:47.255+05:30  INFO 10763 --- [TravelAgency] [main] com.zaxxer.hikari.pool.HikariPool        : HikariPool-1 - Added connection com.mysql.cj.jdbc.ConnectionImpl@ea45a5b
2025-12-28T12:31:47.256+05:30  INFO 10763 --- [TravelAgency] [main] com.zaxxer.hikari.HikariDataSource       : HikariPool-1 - Start completed.
2025-12-28T12:31:47.274+05:30  WARN 10763 --- [TravelAgency] [main] org.hibernate.orm.deprecation            : HHH90000025: MySQLDialect does not need to be specified explicitly using 'hibernate.dialect' (remove the property setting and it will be selected by default)
2025-12-28T12:31:47.608+05:30  INFO 10763 --- [TravelAgency] [main] o.h.e.t.j.p.i.JtaPlatformInitiator       : HHH000489: No JTA platform available (set 'hibernate.transaction.jta.platform' to enable JTA platform integration)
2025-12-28T12:31:47.688+05:30  INFO 10763 --- [TravelAgency] [main] j.LocalContainerEntityManagerFactoryBean : Initialized JPA EntityManagerFactory for persistence unit 'default'
2025-12-28T12:31:47.861+05:30  INFO 10763 --- [TravelAgency] [main] o.s.d.j.r.query.QueryEnhancerFactory     : Hibernate is in classpath; If applicable, HQL parser will be used.
2025-12-28T12:31:48.027+05:30  INFO 10763 --- [TravelAgency] [main] r$InitializeUserDetailsManagerConfigurer : Global AuthenticationManager configured with UserDetailsService bean with name customUserDetailsServiceImpl
2025-12-28T12:31:48.191+05:30  INFO 10763 --- [TravelAgency] [main] o.s.b.a.e.web.EndpointLinksResolver      : Exposing 15 endpoints beneath base path '/actuator'
2025-12-28T12:31:48.425+05:30  INFO 10763 --- [TravelAgency] [main] o.s.b.w.embedded.tomcat.TomcatWebServer  : Tomcat started on port 8080 (http) with context path '/'
2025-12-28T12:31:48.432+05:30  INFO 10763 --- [TravelAgency] [main] i.k.t.TravelAgencyApplication            : Started TravelAgencyApplication in 2.334 seconds (process running for 2.45)
2025-12-28T12:32:15.149+05:30  INFO 10763 --- [TravelAgency] [http-nio-8080-exec-1] o.a.c.c.C.[Tomcat].[localhost].[/]       : Initializing Spring DispatcherServlet 'dispatcherServlet'
2025-12-28T12:32:15.149+05:30  INFO 10763 --- [TravelAgency] [http-nio-8080-exec-1] o.s.web.servlet.DispatcherServlet        : Initializing Servlet 'dispatcherServlet'
2025-12-28T12:32:15.151+05:30  INFO 10763 --- [TravelAgency] [http-nio-8080-exec-1] o.s.web.servlet.DispatcherServlet        : Completed initialization in 2 ms
2025-12-28T12:32:15.301+05:30  WARN 10763 --- [TravelAgency] [http-nio-8080-exec-1] o.h.engine.jdbc.spi.SqlExceptionHelper   : SQL Error: 1048, SQLState: 23000
2025-12-28T12:32:15.301+05:30 ERROR 10763 --- [TravelAgency] [http-nio-8080-exec-1] o.h.engine.jdbc.spi.SqlExceptionHelper   : Column 'username' cannot be null
2025-12-28T12:35:13.782+05:30  INFO 10763 --- [TravelAgency] [SpringApplicationShutdownHook] j.LocalContainerEntityManagerFactoryBean : Closing JPA EntityManagerFactory for persistence unit 'default'
2025-12-28T12:35:13.784+05:30  INFO 10763 --- [TravelAgency] [SpringApplicationShutdownHook] com.zaxxer.hikari.HikariDataSource       : HikariPool-1 - Shutdown initiated...
2025-12-28T12:35:13.786+05:30  INFO 10763 --- [TravelAgency] [SpringApplicationShutdownHook] com.zaxxer.hikari.HikariDataSource       : HikariPool-1 - Shutdown completed.
2025-12-28T12:35:15.164+05:30  INFO 10798 --- [TravelAgency] [main] i.k.t.TravelAgencyApplication            : Starting TravelAgencyApplication using Java 17.0.14 with PID 10798 (/Users/jalibkenz/Java_Projects/TravelAgency/target/classes started by jalibkenz in /Users/jalibkenz/Java_Projects/TravelAgency)
2025-12-28T12:35:15.165+05:30  INFO 10798 --- [TravelAgency] [main] i.k.t.TravelAgencyApplication            : No active profile set, falling back to 1 default profile: "default"
2025-12-28T12:35:15.511+05:30  INFO 10798 --- [TravelAgency] [main] .s.d.r.c.RepositoryConfigurationDelegate : Multiple Spring Data modules found, entering strict repository configuration mode
2025-12-28T12:35:15.511+05:30  INFO 10798 --- [TravelAgency] [main] .s.d.r.c.RepositoryConfigurationDelegate : Bootstrapping Spring Data JPA repositories in DEFAULT mode.
2025-12-28T12:35:15.576+05:30  INFO 10798 --- [TravelAgency] [main] .s.d.r.c.RepositoryConfigurationDelegate : Finished Spring Data repository scanning in 63 ms. Found 8 JPA repository interfaces.
2025-12-28T12:35:15.581+05:30  INFO 10798 --- [TravelAgency] [main] .s.d.r.c.RepositoryConfigurationDelegate : Multiple Spring Data modules found, entering strict repository configuration mode
2025-12-28T12:35:15.581+05:30  INFO 10798 --- [TravelAgency] [main] .s.d.r.c.RepositoryConfigurationDelegate : Bootstrapping Spring Data Redis repositories in DEFAULT mode.
2025-12-28T12:35:15.587+05:30  INFO 10798 --- [TravelAgency] [main] .RepositoryConfigurationExtensionSupport : Spring Data Redis - Could not safely identify store assignment for repository candidate interface in.kenz.travelagency.booking.repository.BookingRepository; If you want this repository to be a Redis repository, consider annotating your entities with one of these annotations: org.springframework.data.redis.core.RedisHash (preferred), or consider extending one of the following types with your repository: org.springframework.data.keyvalue.repository.KeyValueRepository
2025-12-28T12:35:15.588+05:30  INFO 10798 --- [TravelAgency] [main] .RepositoryConfigurationExtensionSupport : Spring Data Redis - Could not safely identify store assignment for repository candidate interface in.kenz.travelagency.feedback.repository.FeedBackRepository; If you want this repository to be a Redis repository, consider annotating your entities with one of these annotations: org.springframework.data.redis.core.RedisHash (preferred), or consider extending one of the following types with your repository: org.springframework.data.keyvalue.repository.KeyValueRepository
2025-12-28T12:35:15.588+05:30  INFO 10798 --- [TravelAgency] [main] .RepositoryConfigurationExtensionSupport : Spring Data Redis - Could not safely identify store assignment for repository candidate interface in.kenz.travelagency.location.repository.LocationRepository; If you want this repository to be a Redis repository, consider annotating your entities with one of these annotations: org.springframework.data.redis.core.RedisHash (preferred), or consider extending one of the following types with your repository: org.springframework.data.keyvalue.repository.KeyValueRepository
2025-12-28T12:35:15.588+05:30  INFO 10798 --- [TravelAgency] [main] .RepositoryConfigurationExtensionSupport : Spring Data Redis - Could not safely identify store assignment for repository candidate interface in.kenz.travelagency.payment.infrastructure.repository.CollectionRequestRepository; If you want this repository to be a Redis repository, consider annotating your entities with one of these annotations: org.springframework.data.redis.core.RedisHash (preferred), or consider extending one of the following types with your repository: org.springframework.data.keyvalue.repository.KeyValueRepository
2025-12-28T12:35:15.588+05:30  INFO 10798 --- [TravelAgency] [main] .RepositoryConfigurationExtensionSupport : Spring Data Redis - Could not safely identify store assignment for repository candidate interface in.kenz.travelagency.payment.infrastructure.repository.PaymentRepository; If you want this repository to be a Redis repository, consider annotating your entities with one of these annotations: org.springframework.data.redis.core.RedisHash (preferred), or consider extending one of the following types with your repository: org.springframework.data.keyvalue.repository.KeyValueRepository
2025-12-28T12:35:15.588+05:30  INFO 10798 --- [TravelAgency] [main] .RepositoryConfigurationExtensionSupport : Spring Data Redis - Could not safely identify store assignment for repository candidate interface in.kenz.travelagency.paymentpolicy.repository.PaymentPolicyRepository; If you want this repository to be a Redis repository, consider annotating your entities with one of these annotations: org.springframework.data.redis.core.RedisHash (preferred), or consider extending one of the following types with your repository: org.springframework.data.keyvalue.repository.KeyValueRepository
2025-12-28T12:35:15.588+05:30  INFO 10798 --- [TravelAgency] [main] .RepositoryConfigurationExtensionSupport : Spring Data Redis - Could not safely identify store assignment for repository candidate interface in.kenz.travelagency.tourpackage.repository.TourPackageRepository; If you want this repository to be a Redis repository, consider annotating your entities with one of these annotations: org.springframework.data.redis.core.RedisHash (preferred), or consider extending one of the following types with your repository: org.springframework.data.keyvalue.repository.KeyValueRepository
2025-12-28T12:35:15.589+05:30  INFO 10798 --- [TravelAgency] [main] .RepositoryConfigurationExtensionSupport : Spring Data Redis - Could not safely identify store assignment for repository candidate interface in.kenz.travelagency.user.repository.UserRepository; If you want this repository to be a Redis repository, consider annotating your entities with one of these annotations: org.springframework.data.redis.core.RedisHash (preferred), or consider extending one of the following types with your repository: org.springframework.data.keyvalue.repository.KeyValueRepository
2025-12-28T12:35:15.589+05:30  INFO 10798 --- [TravelAgency] [main] .s.d.r.c.RepositoryConfigurationDelegate : Finished Spring Data repository scanning in 5 ms. Found 0 Redis repository interfaces.
2025-12-28T12:35:15.848+05:30  INFO 10798 --- [TravelAgency] [main] o.s.b.w.embedded.tomcat.TomcatWebServer  : Tomcat initialized with port 8080 (http)
2025-12-28T12:35:15.852+05:30  INFO 10798 --- [TravelAgency] [main] o.apache.catalina.core.StandardService   : Starting service [Tomcat]
2025-12-28T12:35:15.852+05:30  INFO 10798 --- [TravelAgency] [main] o.apache.catalina.core.StandardEngine    : Starting Servlet engine: [Apache Tomcat/10.1.33]
2025-12-28T12:35:15.872+05:30  INFO 10798 --- [TravelAgency] [main] o.a.c.c.C.[Tomcat].[localhost].[/]       : Initializing Spring embedded WebApplicationContext
2025-12-28T12:35:15.872+05:30  INFO 10798 --- [TravelAgency] [main] w.s.c.ServletWebServerApplicationContext : Root WebApplicationContext: initialization completed in 692 ms
2025-12-28T12:35:16.038+05:30  INFO 10798 --- [TravelAgency] [main] o.hibernate.jpa.internal.util.LogHelper  : HHH000204: Processing PersistenceUnitInfo [name: default]
2025-12-28T12:35:16.053+05:30  INFO 10798 --- [TravelAgency] [main] org.hibernate.Version                    : HHH000412: Hibernate ORM core version 6.5.3.Final
2025-12-28T12:35:16.063+05:30  INFO 10798 --- [TravelAgency] [main] o.h.c.internal.RegionFactoryInitiator    : HHH000026: Second-level cache disabled
2025-12-28T12:35:16.147+05:30  INFO 10798 --- [TravelAgency] [main] o.s.o.j.p.SpringPersistenceUnitInfo      : No LoadTimeWeaver setup: ignoring JPA class transformer
2025-12-28T12:35:16.154+05:30  INFO 10798 --- [TravelAgency] [main] com.zaxxer.hikari.HikariDataSource       : HikariPool-1 - Starting...
2025-12-28T12:35:16.199+05:30  INFO 10798 --- [TravelAgency] [main] com.zaxxer.hikari.pool.HikariPool        : HikariPool-1 - Added connection com.mysql.cj.jdbc.ConnectionImpl@2696b687
2025-12-28T12:35:16.199+05:30  INFO 10798 --- [TravelAgency] [main] com.zaxxer.hikari.HikariDataSource       : HikariPool-1 - Start completed.
2025-12-28T12:35:16.217+05:30  WARN 10798 --- [TravelAgency] [main] org.hibernate.orm.deprecation            : HHH90000025: MySQLDialect does not need to be specified explicitly using 'hibernate.dialect' (remove the property setting and it will be selected by default)
2025-12-28T12:35:16.570+05:30  INFO 10798 --- [TravelAgency] [main] o.h.e.t.j.p.i.JtaPlatformInitiator       : HHH000489: No JTA platform available (set 'hibernate.transaction.jta.platform' to enable JTA platform integration)
2025-12-28T12:35:16.657+05:30  INFO 10798 --- [TravelAgency] [main] j.LocalContainerEntityManagerFactoryBean : Initialized JPA EntityManagerFactory for persistence unit 'default'
2025-12-28T12:35:16.833+05:30  INFO 10798 --- [TravelAgency] [main] o.s.d.j.r.query.QueryEnhancerFactory     : Hibernate is in classpath; If applicable, HQL parser will be used.
2025-12-28T12:35:16.988+05:30  INFO 10798 --- [TravelAgency] [main] r$InitializeUserDetailsManagerConfigurer : Global AuthenticationManager configured with UserDetailsService bean with name customUserDetailsServiceImpl
2025-12-28T12:35:17.147+05:30  INFO 10798 --- [TravelAgency] [main] o.s.b.a.e.web.EndpointLinksResolver      : Exposing 15 endpoints beneath base path '/actuator'
2025-12-28T12:35:17.375+05:30  INFO 10798 --- [TravelAgency] [main] o.s.b.w.embedded.tomcat.TomcatWebServer  : Tomcat started on port 8080 (http) with context path '/'
2025-12-28T12:35:17.382+05:30  INFO 10798 --- [TravelAgency] [main] i.k.t.TravelAgencyApplication            : Started TravelAgencyApplication in 2.353 seconds (process running for 2.47)
2025-12-28T12:35:21.034+05:30  INFO 10798 --- [TravelAgency] [http-nio-8080-exec-1] o.a.c.c.C.[Tomcat].[localhost].[/]       : Initializing Spring DispatcherServlet 'dispatcherServlet'
2025-12-28T12:35:21.035+05:30  INFO 10798 --- [TravelAgency] [http-nio-8080-exec-1] o.s.web.servlet.DispatcherServlet        : Initializing Servlet 'dispatcherServlet'
2025-12-28T12:35:21.036+05:30  INFO 10798 --- [TravelAgency] [http-nio-8080-exec-1] o.s.web.servlet.DispatcherServlet        : Completed initialization in 1 ms
2025-12-28T12:35:21.328+05:30  INFO 10798 --- [TravelAgency] [http-nio-8080-exec-7] o.springdoc.api.AbstractOpenApiResource  : Init duration for springdoc-openapi is: 169 ms
2025-12-28T12:35:43.840+05:30  WARN 10798 --- [TravelAgency] [http-nio-8080-exec-8] o.h.engine.jdbc.spi.SqlExceptionHelper   : SQL Error: 1048, SQLState: 23000
2025-12-28T12:35:43.841+05:30 ERROR 10798 --- [TravelAgency] [http-nio-8080-exec-8] o.h.engine.jdbc.spi.SqlExceptionHelper   : Column 'username' cannot be null
2025-12-28T12:38:58.100+05:30  INFO 10798 --- [TravelAgency] [SpringApplicationShutdownHook] j.LocalContainerEntityManagerFactoryBean : Closing JPA EntityManagerFactory for persistence unit 'default'
2025-12-28T12:38:58.103+05:30  INFO 10798 --- [TravelAgency] [SpringApplicationShutdownHook] com.zaxxer.hikari.HikariDataSource       : HikariPool-1 - Shutdown initiated...
2025-12-28T12:38:58.105+05:30  INFO 10798 --- [TravelAgency] [SpringApplicationShutdownHook] com.zaxxer.hikari.HikariDataSource       : HikariPool-1 - Shutdown completed.
2025-12-28T12:38:59.453+05:30  INFO 10841 --- [TravelAgency] [main] i.k.t.TravelAgencyApplication            : Starting TravelAgencyApplication using Java 17.0.14 with PID 10841 (/Users/jalibkenz/Java_Projects/TravelAgency/target/classes started by jalibkenz in /Users/jalibkenz/Java_Projects/TravelAgency)
2025-12-28T12:38:59.454+05:30  INFO 10841 --- [TravelAgency] [main] i.k.t.TravelAgencyApplication            : No active profile set, falling back to 1 default profile: "default"
2025-12-28T12:38:59.811+05:30  INFO 10841 --- [TravelAgency] [main] .s.d.r.c.RepositoryConfigurationDelegate : Multiple Spring Data modules found, entering strict repository configuration mode
2025-12-28T12:38:59.811+05:30  INFO 10841 --- [TravelAgency] [main] .s.d.r.c.RepositoryConfigurationDelegate : Bootstrapping Spring Data JPA repositories in DEFAULT mode.
2025-12-28T12:38:59.870+05:30  INFO 10841 --- [TravelAgency] [main] .s.d.r.c.RepositoryConfigurationDelegate : Finished Spring Data repository scanning in 57 ms. Found 8 JPA repository interfaces.
2025-12-28T12:38:59.874+05:30  INFO 10841 --- [TravelAgency] [main] .s.d.r.c.RepositoryConfigurationDelegate : Multiple Spring Data modules found, entering strict repository configuration mode
2025-12-28T12:38:59.874+05:30  INFO 10841 --- [TravelAgency] [main] .s.d.r.c.RepositoryConfigurationDelegate : Bootstrapping Spring Data Redis repositories in DEFAULT mode.
2025-12-28T12:38:59.880+05:30  INFO 10841 --- [TravelAgency] [main] .RepositoryConfigurationExtensionSupport : Spring Data Redis - Could not safely identify store assignment for repository candidate interface in.kenz.travelagency.booking.repository.BookingRepository; If you want this repository to be a Redis repository, consider annotating your entities with one of these annotations: org.springframework.data.redis.core.RedisHash (preferred), or consider extending one of the following types with your repository: org.springframework.data.keyvalue.repository.KeyValueRepository
2025-12-28T12:38:59.880+05:30  INFO 10841 --- [TravelAgency] [main] .RepositoryConfigurationExtensionSupport : Spring Data Redis - Could not safely identify store assignment for repository candidate interface in.kenz.travelagency.feedback.repository.FeedBackRepository; If you want this repository to be a Redis repository, consider annotating your entities with one of these annotations: org.springframework.data.redis.core.RedisHash (preferred), or consider extending one of the following types with your repository: org.springframework.data.keyvalue.repository.KeyValueRepository
2025-12-28T12:38:59.881+05:30  INFO 10841 --- [TravelAgency] [main] .RepositoryConfigurationExtensionSupport : Spring Data Redis - Could not safely identify store assignment for repository candidate interface in.kenz.travelagency.location.repository.LocationRepository; If you want this repository to be a Redis repository, consider annotating your entities with one of these annotations: org.springframework.data.redis.core.RedisHash (preferred), or consider extending one of the following types with your repository: org.springframework.data.keyvalue.repository.KeyValueRepository
2025-12-28T12:38:59.881+05:30  INFO 10841 --- [TravelAgency] [main] .RepositoryConfigurationExtensionSupport : Spring Data Redis - Could not safely identify store assignment for repository candidate interface in.kenz.travelagency.payment.infrastructure.repository.CollectionRequestRepository; If you want this repository to be a Redis repository, consider annotating your entities with one of these annotations: org.springframework.data.redis.core.RedisHash (preferred), or consider extending one of the following types with your repository: org.springframework.data.keyvalue.repository.KeyValueRepository
2025-12-28T12:38:59.881+05:30  INFO 10841 --- [TravelAgency] [main] .RepositoryConfigurationExtensionSupport : Spring Data Redis - Could not safely identify store assignment for repository candidate interface in.kenz.travelagency.payment.infrastructure.repository.PaymentRepository; If you want this repository to be a Redis repository, consider annotating your entities with one of these annotations: org.springframework.data.redis.core.RedisHash (preferred), or consider extending one of the following types with your repository: org.springframework.data.keyvalue.repository.KeyValueRepository
2025-12-28T12:38:59.881+05:30  INFO 10841 --- [TravelAgency] [main] .RepositoryConfigurationExtensionSupport : Spring Data Redis - Could not safely identify store assignment for repository candidate interface in.kenz.travelagency.paymentpolicy.repository.PaymentPolicyRepository; If you want this repository to be a Redis repository, consider annotating your entities with one of these annotations: org.springframework.data.redis.core.RedisHash (preferred), or consider extending one of the following types with your repository: org.springframework.data.keyvalue.repository.KeyValueRepository
2025-12-28T12:38:59.881+05:30  INFO 10841 --- [TravelAgency] [main] .RepositoryConfigurationExtensionSupport : Spring Data Redis - Could not safely identify store assignment for repository candidate interface in.kenz.travelagency.tourpackage.repository.TourPackageRepository; If you want this repository to be a Redis repository, consider annotating your entities with one of these annotations: org.springframework.data.redis.core.RedisHash (preferred), or consider extending one of the following types with your repository: org.springframework.data.keyvalue.repository.KeyValueRepository
2025-12-28T12:38:59.881+05:30  INFO 10841 --- [TravelAgency] [main] .RepositoryConfigurationExtensionSupport : Spring Data Redis - Could not safely identify store assignment for repository candidate interface in.kenz.travelagency.user.repository.UserRepository; If you want this repository to be a Redis repository, consider annotating your entities with one of these annotations: org.springframework.data.redis.core.RedisHash (preferred), or consider extending one of the following types with your repository: org.springframework.data.keyvalue.repository.KeyValueRepository
2025-12-28T12:38:59.881+05:30  INFO 10841 --- [TravelAgency] [main] .s.d.r.c.RepositoryConfigurationDelegate : Finished Spring Data repository scanning in 4 ms. Found 0 Redis repository interfaces.
2025-12-28T12:39:00.141+05:30  INFO 10841 --- [TravelAgency] [main] o.s.b.w.embedded.tomcat.TomcatWebServer  : Tomcat initialized with port 8080 (http)
2025-12-28T12:39:00.145+05:30  INFO 10841 --- [TravelAgency] [main] o.apache.catalina.core.StandardService   : Starting service [Tomcat]
2025-12-28T12:39:00.145+05:30  INFO 10841 --- [TravelAgency] [main] o.apache.catalina.core.StandardEngine    : Starting Servlet engine: [Apache Tomcat/10.1.33]
2025-12-28T12:39:00.162+05:30  INFO 10841 --- [TravelAgency] [main] o.a.c.c.C.[Tomcat].[localhost].[/]       : Initializing Spring embedded WebApplicationContext
2025-12-28T12:39:00.162+05:30  INFO 10841 --- [TravelAgency] [main] w.s.c.ServletWebServerApplicationContext : Root WebApplicationContext: initialization completed in 693 ms
2025-12-28T12:39:00.310+05:30  INFO 10841 --- [TravelAgency] [main] o.hibernate.jpa.internal.util.LogHelper  : HHH000204: Processing PersistenceUnitInfo [name: default]
2025-12-28T12:39:00.322+05:30  INFO 10841 --- [TravelAgency] [main] org.hibernate.Version                    : HHH000412: Hibernate ORM core version 6.5.3.Final
2025-12-28T12:39:00.330+05:30  INFO 10841 --- [TravelAgency] [main] o.h.c.internal.RegionFactoryInitiator    : HHH000026: Second-level cache disabled
2025-12-28T12:39:00.416+05:30  INFO 10841 --- [TravelAgency] [main] o.s.o.j.p.SpringPersistenceUnitInfo      : No LoadTimeWeaver setup: ignoring JPA class transformer
2025-12-28T12:39:00.424+05:30  INFO 10841 --- [TravelAgency] [main] com.zaxxer.hikari.HikariDataSource       : HikariPool-1 - Starting...
2025-12-28T12:39:00.469+05:30  INFO 10841 --- [TravelAgency] [main] com.zaxxer.hikari.pool.HikariPool        : HikariPool-1 - Added connection com.mysql.cj.jdbc.ConnectionImpl@2696b687
2025-12-28T12:39:00.469+05:30  INFO 10841 --- [TravelAgency] [main] com.zaxxer.hikari.HikariDataSource       : HikariPool-1 - Start completed.
2025-12-28T12:39:00.488+05:30  WARN 10841 --- [TravelAgency] [main] org.hibernate.orm.deprecation            : HHH90000025: MySQLDialect does not need to be specified explicitly using 'hibernate.dialect' (remove the property setting and it will be selected by default)
2025-12-28T12:39:00.820+05:30  INFO 10841 --- [TravelAgency] [main] o.h.e.t.j.p.i.JtaPlatformInitiator       : HHH000489: No JTA platform available (set 'hibernate.transaction.jta.platform' to enable JTA platform integration)
2025-12-28T12:39:00.896+05:30  INFO 10841 --- [TravelAgency] [main] j.LocalContainerEntityManagerFactoryBean : Initialized JPA EntityManagerFactory for persistence unit 'default'
2025-12-28T12:39:01.069+05:30  INFO 10841 --- [TravelAgency] [main] o.s.d.j.r.query.QueryEnhancerFactory     : Hibernate is in classpath; If applicable, HQL parser will be used.
2025-12-28T12:39:01.228+05:30  INFO 10841 --- [TravelAgency] [main] r$InitializeUserDetailsManagerConfigurer : Global AuthenticationManager configured with UserDetailsService bean with name customUserDetailsServiceImpl
2025-12-28T12:39:01.391+05:30  INFO 10841 --- [TravelAgency] [main] o.s.b.a.e.web.EndpointLinksResolver      : Exposing 15 endpoints beneath base path '/actuator'
2025-12-28T12:39:01.638+05:30  INFO 10841 --- [TravelAgency] [main] o.s.b.w.embedded.tomcat.TomcatWebServer  : Tomcat started on port 8080 (http) with context path '/'
2025-12-28T12:39:01.645+05:30  INFO 10841 --- [TravelAgency] [main] i.k.t.TravelAgencyApplication            : Started TravelAgencyApplication in 2.326 seconds (process running for 2.439)
2025-12-28T12:39:11.417+05:30  INFO 10841 --- [TravelAgency] [http-nio-8080-exec-1] o.a.c.c.C.[Tomcat].[localhost].[/]       : Initializing Spring DispatcherServlet 'dispatcherServlet'
2025-12-28T12:39:11.417+05:30  INFO 10841 --- [TravelAgency] [http-nio-8080-exec-1] o.s.web.servlet.DispatcherServlet        : Initializing Servlet 'dispatcherServlet'
2025-12-28T12:39:11.419+05:30  INFO 10841 --- [TravelAgency] [http-nio-8080-exec-1] o.s.web.servlet.DispatcherServlet        : Completed initialization in 1 ms
2025-12-28T12:39:11.715+05:30  INFO 10841 --- [TravelAgency] [http-nio-8080-exec-6] o.springdoc.api.AbstractOpenApiResource  : Init duration for springdoc-openapi is: 176 ms
2025-12-28T12:45:13.647+05:30  INFO 10841 --- [TravelAgency] [SpringApplicationShutdownHook] j.LocalContainerEntityManagerFactoryBean : Closing JPA EntityManagerFactory for persistence unit 'default'
2025-12-28T12:45:13.648+05:30  INFO 10841 --- [TravelAgency] [SpringApplicationShutdownHook] com.zaxxer.hikari.HikariDataSource       : HikariPool-1 - Shutdown initiated...
2025-12-28T12:45:13.651+05:30  INFO 10841 --- [TravelAgency] [SpringApplicationShutdownHook] com.zaxxer.hikari.HikariDataSource       : HikariPool-1 - Shutdown completed.
2025-12-28T12:45:15.101+05:30  INFO 10916 --- [TravelAgency] [main] i.k.t.TravelAgencyApplication            : Starting TravelAgencyApplication using Java 17.0.14 with PID 10916 (/Users/jalibkenz/Java_Projects/TravelAgency/target/classes started by jalibkenz in /Users/jalibkenz/Java_Projects/TravelAgency)
2025-12-28T12:45:15.102+05:30  INFO 10916 --- [TravelAgency] [main] i.k.t.TravelAgencyApplication            : No active profile set, falling back to 1 default profile: "default"
2025-12-28T12:45:15.467+05:30  INFO 10916 --- [TravelAgency] [main] .s.d.r.c.RepositoryConfigurationDelegate : Multiple Spring Data modules found, entering strict repository configuration mode
2025-12-28T12:45:15.467+05:30  INFO 10916 --- [TravelAgency] [main] .s.d.r.c.RepositoryConfigurationDelegate : Bootstrapping Spring Data JPA repositories in DEFAULT mode.
2025-12-28T12:45:15.526+05:30  INFO 10916 --- [TravelAgency] [main] .s.d.r.c.RepositoryConfigurationDelegate : Finished Spring Data repository scanning in 57 ms. Found 8 JPA repository interfaces.
2025-12-28T12:45:15.530+05:30  INFO 10916 --- [TravelAgency] [main] .s.d.r.c.RepositoryConfigurationDelegate : Multiple Spring Data modules found, entering strict repository configuration mode
2025-12-28T12:45:15.531+05:30  INFO 10916 --- [TravelAgency] [main] .s.d.r.c.RepositoryConfigurationDelegate : Bootstrapping Spring Data Redis repositories in DEFAULT mode.
2025-12-28T12:45:15.537+05:30  INFO 10916 --- [TravelAgency] [main] .RepositoryConfigurationExtensionSupport : Spring Data Redis - Could not safely identify store assignment for repository candidate interface in.kenz.travelagency.booking.repository.BookingRepository; If you want this repository to be a Redis repository, consider annotating your entities with one of these annotations: org.springframework.data.redis.core.RedisHash (preferred), or consider extending one of the following types with your repository: org.springframework.data.keyvalue.repository.KeyValueRepository
2025-12-28T12:45:15.537+05:30  INFO 10916 --- [TravelAgency] [main] .RepositoryConfigurationExtensionSupport : Spring Data Redis - Could not safely identify store assignment for repository candidate interface in.kenz.travelagency.feedback.repository.FeedBackRepository; If you want this repository to be a Redis repository, consider annotating your entities with one of these annotations: org.springframework.data.redis.core.RedisHash (preferred), or consider extending one of the following types with your repository: org.springframework.data.keyvalue.repository.KeyValueRepository
2025-12-28T12:45:15.537+05:30  INFO 10916 --- [TravelAgency] [main] .RepositoryConfigurationExtensionSupport : Spring Data Redis - Could not safely identify store assignment for repository candidate interface in.kenz.travelagency.location.repository.LocationRepository; If you want this repository to be a Redis repository, consider annotating your entities with one of these annotations: org.springframework.data.redis.core.RedisHash (preferred), or consider extending one of the following types with your repository: org.springframework.data.keyvalue.repository.KeyValueRepository
2025-12-28T12:45:15.537+05:30  INFO 10916 --- [TravelAgency] [main] .RepositoryConfigurationExtensionSupport : Spring Data Redis - Could not safely identify store assignment for repository candidate interface in.kenz.travelagency.payment.infrastructure.repository.CollectionRequestRepository; If you want this repository to be a Redis repository, consider annotating your entities with one of these annotations: org.springframework.data.redis.core.RedisHash (preferred), or consider extending one of the following types with your repository: org.springframework.data.keyvalue.repository.KeyValueRepository
2025-12-28T12:45:15.538+05:30  INFO 10916 --- [TravelAgency] [main] .RepositoryConfigurationExtensionSupport : Spring Data Redis - Could not safely identify store assignment for repository candidate interface in.kenz.travelagency.payment.infrastructure.repository.PaymentRepository; If you want this repository to be a Redis repository, consider annotating your entities with one of these annotations: org.springframework.data.redis.core.RedisHash (preferred), or consider extending one of the following types with your repository: org.springframework.data.keyvalue.repository.KeyValueRepository
2025-12-28T12:45:15.538+05:30  INFO 10916 --- [TravelAgency] [main] .RepositoryConfigurationExtensionSupport : Spring Data Redis - Could not safely identify store assignment for repository candidate interface in.kenz.travelagency.paymentpolicy.repository.PaymentPolicyRepository; If you want this repository to be a Redis repository, consider annotating your entities with one of these annotations: org.springframework.data.redis.core.RedisHash (preferred), or consider extending one of the following types with your repository: org.springframework.data.keyvalue.repository.KeyValueRepository
2025-12-28T12:45:15.538+05:30  INFO 10916 --- [TravelAgency] [main] .RepositoryConfigurationExtensionSupport : Spring Data Redis - Could not safely identify store assignment for repository candidate interface in.kenz.travelagency.tourpackage.repository.TourPackageRepository; If you want this repository to be a Redis repository, consider annotating your entities with one of these annotations: org.springframework.data.redis.core.RedisHash (preferred), or consider extending one of the following types with your repository: org.springframework.data.keyvalue.repository.KeyValueRepository
2025-12-28T12:45:15.538+05:30  INFO 10916 --- [TravelAgency] [main] .RepositoryConfigurationExtensionSupport : Spring Data Redis - Could not safely identify store assignment for repository candidate interface in.kenz.travelagency.user.repository.UserRepository; If you want this repository to be a Redis repository, consider annotating your entities with one of these annotations: org.springframework.data.redis.core.RedisHash (preferred), or consider extending one of the following types with your repository: org.springframework.data.keyvalue.repository.KeyValueRepository
2025-12-28T12:45:15.538+05:30  INFO 10916 --- [TravelAgency] [main] .s.d.r.c.RepositoryConfigurationDelegate : Finished Spring Data repository scanning in 5 ms. Found 0 Redis repository interfaces.
2025-12-28T12:45:15.788+05:30  INFO 10916 --- [TravelAgency] [main] o.s.b.w.embedded.tomcat.TomcatWebServer  : Tomcat initialized with port 8080 (http)
2025-12-28T12:45:15.792+05:30  INFO 10916 --- [TravelAgency] [main] o.apache.catalina.core.StandardService   : Starting service [Tomcat]
2025-12-28T12:45:15.792+05:30  INFO 10916 --- [TravelAgency] [main] o.apache.catalina.core.StandardEngine    : Starting Servlet engine: [Apache Tomcat/10.1.33]
2025-12-28T12:45:15.811+05:30  INFO 10916 --- [TravelAgency] [main] o.a.c.c.C.[Tomcat].[localhost].[/]       : Initializing Spring embedded WebApplicationContext
2025-12-28T12:45:15.811+05:30  INFO 10916 --- [TravelAgency] [main] w.s.c.ServletWebServerApplicationContext : Root WebApplicationContext: initialization completed in 693 ms
2025-12-28T12:45:15.968+05:30  INFO 10916 --- [TravelAgency] [main] o.hibernate.jpa.internal.util.LogHelper  : HHH000204: Processing PersistenceUnitInfo [name: default]
2025-12-28T12:45:15.981+05:30  INFO 10916 --- [TravelAgency] [main] org.hibernate.Version                    : HHH000412: Hibernate ORM core version 6.5.3.Final
2025-12-28T12:45:15.988+05:30  INFO 10916 --- [TravelAgency] [main] o.h.c.internal.RegionFactoryInitiator    : HHH000026: Second-level cache disabled
2025-12-28T12:45:16.078+05:30  INFO 10916 --- [TravelAgency] [main] o.s.o.j.p.SpringPersistenceUnitInfo      : No LoadTimeWeaver setup: ignoring JPA class transformer
2025-12-28T12:45:16.086+05:30  INFO 10916 --- [TravelAgency] [main] com.zaxxer.hikari.HikariDataSource       : HikariPool-1 - Starting...
2025-12-28T12:45:16.132+05:30  INFO 10916 --- [TravelAgency] [main] com.zaxxer.hikari.pool.HikariPool        : HikariPool-1 - Added connection com.mysql.cj.jdbc.ConnectionImpl@296a71df
2025-12-28T12:45:16.132+05:30  INFO 10916 --- [TravelAgency] [main] com.zaxxer.hikari.HikariDataSource       : HikariPool-1 - Start completed.
2025-12-28T12:45:16.149+05:30  WARN 10916 --- [TravelAgency] [main] org.hibernate.orm.deprecation            : HHH90000025: MySQLDialect does not need to be specified explicitly using 'hibernate.dialect' (remove the property setting and it will be selected by default)
2025-12-28T12:45:16.462+05:30  INFO 10916 --- [TravelAgency] [main] o.h.e.t.j.p.i.JtaPlatformInitiator       : HHH000489: No JTA platform available (set 'hibernate.transaction.jta.platform' to enable JTA platform integration)
2025-12-28T12:45:16.588+05:30  INFO 10916 --- [TravelAgency] [main] j.LocalContainerEntityManagerFactoryBean : Initialized JPA EntityManagerFactory for persistence unit 'default'
2025-12-28T12:45:16.778+05:30  INFO 10916 --- [TravelAgency] [main] o.s.d.j.r.query.QueryEnhancerFactory     : Hibernate is in classpath; If applicable, HQL parser will be used.
2025-12-28T12:45:16.937+05:30  INFO 10916 --- [TravelAgency] [main] r$InitializeUserDetailsManagerConfigurer : Global AuthenticationManager configured with UserDetailsService bean with name customUserDetailsServiceImpl
2025-12-28T12:45:17.098+05:30  INFO 10916 --- [TravelAgency] [main] o.s.b.a.e.web.EndpointLinksResolver      : Exposing 15 endpoints beneath base path '/actuator'
2025-12-28T12:45:17.331+05:30  INFO 10916 --- [TravelAgency] [main] o.s.b.w.embedded.tomcat.TomcatWebServer  : Tomcat started on port 8080 (http) with context path '/'
2025-12-28T12:45:17.338+05:30  INFO 10916 --- [TravelAgency] [main] i.k.t.TravelAgencyApplication            : Started TravelAgencyApplication in 2.374 seconds (process running for 2.49)
2025-12-28T12:45:22.221+05:30  INFO 10916 --- [TravelAgency] [http-nio-8080-exec-1] o.a.c.c.C.[Tomcat].[localhost].[/]       : Initializing Spring DispatcherServlet 'dispatcherServlet'
2025-12-28T12:45:22.221+05:30  INFO 10916 --- [TravelAgency] [http-nio-8080-exec-1] o.s.web.servlet.DispatcherServlet        : Initializing Servlet 'dispatcherServlet'
2025-12-28T12:45:22.222+05:30  INFO 10916 --- [TravelAgency] [http-nio-8080-exec-1] o.s.web.servlet.DispatcherServlet        : Completed initialization in 1 ms
2025-12-28T12:45:22.526+05:30  INFO 10916 --- [TravelAgency] [http-nio-8080-exec-6] o.springdoc.api.AbstractOpenApiResource  : Init duration for springdoc-openapi is: 182 ms
